2024-10-29T09:13:17.957Z [[32minfo[39m]: Time:
2024-10-29T09:13:37.282Z [[32minfo[39m]: Time:
2024-10-29T09:13:39.557Z [[32minfo[39m]: Time:
2024-10-29T09:13:54.731Z [[32minfo[39m]: Time:
2024-10-29T09:14:32.773Z [[32minfo[39m]: Time:
2024-10-29T09:14:47.679Z [[32minfo[39m]: Time:
2024-10-29T09:15:11.353Z [[32minfo[39m]: Time:
2024-10-29T09:15:26.346Z [[32minfo[39m]: Time:
2024-10-29T09:15:29.909Z [[32minfo[39m]: Time:
2024-10-29T09:16:08.322Z [[32minfo[39m]: Time:
undefined
2024-10-29T09:17:29.582Z [[32minfo[39m]: Time: 1730193449581
2024-10-29T09:17:37.627Z [[32minfo[39m]: Time: 1730193457627
2024-10-29T09:17:40.785Z [[32minfo[39m]: Time: 1730193460785
2024-10-29T09:57:39.202Z [[32minfo[39m]: Time: 1730195859202
2024-10-29T09:57:43.725Z [[32minfo[39m]: Time: 1730195863725
2024-10-29T10:00:15.680Z [[32minfo[39m]: Time: 1730196015680
2024-10-29T10:00:16.756Z [[32minfo[39m]: Time: 1730196016756
2024-10-29T10:00:17.889Z [[32minfo[39m]: Time: 1730196017889
2024-10-29T10:00:35.567Z [[32minfo[39m]: Time: 1730196035567
2024-10-29T10:00:36.536Z [[32minfo[39m]: Time: 1730196036536
2024-10-29T10:01:25.184Z [[32minfo[39m]: Time: 1730196085183
2024-10-29T10:01:26.036Z [[32minfo[39m]: Time: 1730196086036
2024-10-29T10:02:49.383Z [[32minfo[39m]: Time: 1730196169383
2024-10-29T10:02:50.788Z [[32minfo[39m]: Time: 1730196170788
2024-10-29T10:02:56.506Z [[32minfo[39m]: Time: 1730196176505
2024-10-29T10:04:24.816Z [[32minfo[39m]: Time: 1730196264815
2024-10-29T10:04:27.069Z [[32minfo[39m]: Time: 1730196267068
2024-10-29T10:04:53.055Z [[32minfo[39m]: Time: 1730196293054
2024-10-29T10:04:56.292Z [[32minfo[39m]: Time: 1730196296292
2024-10-29T10:07:51.400Z [[32minfo[39m]: Time: 1730196471399
2024-10-29T10:08:54.045Z [[32minfo[39m]: Time: 1730196534044
2024-10-29T10:08:56.952Z [[32minfo[39m]: Time: 1730196536952
2024-10-29T10:08:58.426Z [[32minfo[39m]: Time: 1730196538426
2024-10-29T10:10:17.209Z [[32minfo[39m]: Time: 1730196617209
2024-10-29T10:10:19.000Z [[32minfo[39m]: Time: 1730196619000
2024-10-29T10:10:43.516Z [[32minfo[39m]: Time: 1730196643516
2024-10-29T10:12:04.890Z [[32minfo[39m]: Time: 1730196724890
2024-10-29T10:13:20.164Z [[32minfo[39m]: Time: 1730196800163
2024-10-29T10:13:46.526Z [[32minfo[39m]: Time: 1730196826525
2024-10-29T10:13:47.999Z [[32minfo[39m]: Time: 1730196827999
2024-10-29T10:13:53.359Z [[32minfo[39m]: Time: 1730196833359
2024-10-29T10:14:01.836Z [[32minfo[39m]: Time: 1730196841835
2024-10-29T10:14:05.923Z [[32minfo[39m]: Time: 1730196845923
2024-10-29T10:14:08.588Z [[32minfo[39m]: Time: 1730196848588
2024-10-29T10:15:10.250Z [[32minfo[39m]: Time: 1730196910250
2024-10-29T10:16:45.105Z [[32minfo[39m]: Time: 1730197005105
2024-10-29T10:16:47.984Z [[32minfo[39m]: Time: 1730197007983
2024-10-29T10:17:56.315Z [[32minfo[39m]: Time: 1730197076315
2024-10-29T10:17:59.744Z [[32minfo[39m]: Time: 1730197079744
2024-10-29T10:18:04.675Z [[32minfo[39m]: Time: 1730197084675
2024-10-29T10:19:47.302Z [[32minfo[39m]: Time: 1730197187300
2024-10-29T10:19:50.847Z [[32minfo[39m]: Time: 1730197190847
2024-10-29T10:19:53.066Z [[32minfo[39m]: Time: 1730197193066
2024-10-29T10:21:43.161Z [[32minfo[39m]: Time: 1730197303160
2024-10-29T10:21:49.756Z [[32minfo[39m]: Time: 1730197309756
2024-10-29T12:51:41.868Z [[32minfo[39m]: Time: 1730206301867
2024-10-29T12:51:48.857Z [[32minfo[39m]: Time: 1730206308857
2024-10-29T12:51:52.611Z [[32minfo[39m]: Time: 1730206312610
2024-10-29T14:52:14.958Z [[32minfo[39m]: Time: 1730213534958
2024-10-29T14:52:22.446Z [[32minfo[39m]: Time: 1730213542446
2024-10-29T14:59:26.809Z [[32minfo[39m]: Time: 1730213966808
2024-10-29T14:59:29.993Z [[32minfo[39m]: Time: 1730213969993
2024-10-29T14:59:36.873Z [[32minfo[39m]: Time: 1730213976873
2024-10-29T14:59:48.673Z [[32minfo[39m]: Time: 1730213988672
2024-10-29T14:59:50.110Z [[32minfo[39m]: Time: 1730213990110
2024-10-29T15:00:42.532Z [[32minfo[39m]: Time: 1730214042531
2024-10-29T15:07:24.869Z [[32minfo[39m]: 
2024-10-29T15:07:29.758Z [[32minfo[39m]: 单一路由
2024-10-29T15:07:35.373Z [[32minfo[39m]: 单一路由
2024-10-29T15:07:44.385Z [[32minfo[39m]: 单一路由
2024-10-29T15:07:52.058Z [[32minfo[39m]: 单一路由
2024-10-29T15:07:56.851Z [[32minfo[39m]: 单一路由
2024-10-29T15:07:58.119Z [[32minfo[39m]: 单一路由
2024-10-29T15:08:01.302Z [[32minfo[39m]: 单一路由
2024-10-29T15:08:40.973Z [[32minfo[39m]: 单一路由
2024-10-29T15:08:44.205Z [[32minfo[39m]: 单一路由
2024-10-29T15:09:37.225Z [[32minfo[39m]: 单一路由
2024-10-29T15:09:42.807Z [[32minfo[39m]: 单一路由
2024-10-29T15:09:44.779Z [[32minfo[39m]: 单一路由
2024-10-29T15:09:48.942Z [[32minfo[39m]: 单一路由
2024-10-29T15:10:32.776Z [[32minfo[39m]: 单一路由
